2014-09-05 19:56:23.584 [Worker-2] INFO    com.objectaid.uml.license.LicenseManager initialize: found license Sequence Diagram 1.1.x - EVAL until 2014-09-05
2014-09-05 19:56:24.636 [Worker-6] INFO    com.objectaid.uml.model.manage.DiagramManager getFactories: com.objectaid.uml.diagramFactories[ucls]: com.objectaid.uml.cls.model.ClassDiagramFactory@9b14fdd
2014-09-05 19:56:24.656 [Worker-6] INFO    com.objectaid.uml.model.manage.DiagramManager getFactories: com.objectaid.uml.diagramFactories[useq]: com.objectaid.uml.seq.model.SequenceDiagramFactory@f3b5ada
2014-09-05 19:56:24.773 [pool-2-thread-1] INFO    com.objectaid.uml.license.LicenseManager checkLicense: invalid license Sequence Diagram 1.1.x - EVAL until 2014-09-05 because License is expired
2014-09-05 19:56:24.930 [pool-2-thread-2] WARNING com.objectaid.uml.util.EclipseHelper loadClass: cannot find com.objectaid.uml.addon.doc.TextLink in [], no license for [com.objectaid.uml.addon]
2014-09-05 19:56:24.932 [pool-2-thread-2] WARNING com.objectaid.uml.util.EclipseHelper loadClass: cannot find com.objectaid.uml.addon.doc.TextLinkEditPart in [], no license for [com.objectaid.uml.addon]
2014-09-05 19:56:24.934 [pool-2-thread-2] WARNING com.objectaid.uml.util.EclipseHelper loadClass: cannot find com.objectaid.uml.addon.doc.PTextLink in [], no license for [com.objectaid.uml.addon]
2014-09-05 19:56:24.936 [pool-2-thread-2] WARNING com.objectaid.uml.util.EclipseHelper loadClass: cannot find com.objectaid.uml.model.diagram.ConnectionEnd in [], no license for [com.objectaid.uml.addon]
2014-09-05 19:56:24.937 [pool-2-thread-2] WARNING com.objectaid.uml.util.EclipseHelper loadClass: cannot find com.objectaid.uml.model.persistence.PersistedConnectionEnd in [], no license for [com.objectaid.uml.addon]
2014-09-05 19:56:24.938 [pool-2-thread-2] WARNING com.objectaid.uml.util.EclipseHelper loadClass: cannot find com.objectaid.uml.addon.doc.TextNodeDefinition in [com.objectaid.uml.cls], no license for [com.objectaid.uml.addon]
2014-09-05 19:56:25.257 [pool-2-thread-2] INFO    com.objectaid.uml.model.manage.LanguageElementManager getLanguageElementFactories: com.objectaid.uml.languageElementFactories: com.objectaid.uml.java.JavaElementFactory
2014-09-05 19:56:25.314 [pool-2-thread-2] INFO    com.objectaid.uml.util.extend.ExecutableExtensionManager loadExtensions: found com.objectaid.uml.renderFormats="com.objectaid.uml.render.RasterRenderFormat" class="com.objectaid.uml.render.RasterRenderFormat" name="PNG" extension="png" antialias="true" format="5" 
2014-09-05 19:56:25.319 [pool-2-thread-2] INFO    com.objectaid.uml.util.extend.ExecutableExtensionManager loadExtensions: found com.objectaid.uml.renderFormats="com.objectaid.uml.render.RasterRenderFormat" class="com.objectaid.uml.render.RasterRenderFormat" name="JPEG" extension="jpg" antialias="true" format="4" 
2014-09-05 19:56:25.321 [pool-2-thread-2] INFO    com.objectaid.uml.util.extend.ExecutableExtensionManager loadExtensions: found com.objectaid.uml.renderFormats="com.objectaid.uml.render.IndexedRasterRenderFormat" class="com.objectaid.uml.render.IndexedRasterRenderFormat" name="GIF" extension="gif" antialias="false" format="2" 
2014-09-05 19:56:25.322 [pool-2-thread-2] WARNING com.objectaid.uml.util.EclipseHelper loadClass: cannot find com.objectaid.uml.addon.render.SVGRenderFormat in [], no license for [com.objectaid.uml.addon]
2014-09-05 19:56:25.323 [pool-2-thread-2] INFO    com.objectaid.uml.util.extend.ExecutableExtensionManager loadExtensions: found com.objectaid.uml.renderFormats='com.objectaid.uml.addon.render.SVGRenderFormat' but cannot load class
2014-09-05 19:56:25.324 [pool-2-thread-2] WARNING com.objectaid.uml.util.EclipseHelper loadClass: cannot find com.objectaid.uml.addon.render.PDFRenderFormat in [], no license for [com.objectaid.uml.addon]
2014-09-05 19:56:25.325 [pool-2-thread-2] INFO    com.objectaid.uml.util.extend.ExecutableExtensionManager loadExtensions: found com.objectaid.uml.renderFormats='com.objectaid.uml.addon.render.PDFRenderFormat' but cannot load class
2014-09-05 19:56:25.831 [pool-2-thread-2] WARNING com.objectaid.uml.model.definition.ConnectionDefinition connectEnd: Cannot find ConnectedElement for refId=8 in /Todolite/src/com/york/cs/swe/authentication/Authentication.ucls
2014-09-05 19:56:25.833 [pool-2-thread-2] WARNING com.objectaid.uml.model.definition.ConnectionDefinition connectEnd: Cannot find ConnectedElement for refId=6 in /Todolite/src/com/york/cs/swe/authentication/Authentication.ucls
2014-09-05 19:56:25.834 [pool-2-thread-2] WARNING com.objectaid.uml.model.definition.ConnectionDefinition connectEnd: Cannot find ConnectedElement for refId=8 in /Todolite/src/com/york/cs/swe/authentication/Authentication.ucls
2014-09-05 19:56:25.835 [pool-2-thread-2] WARNING com.objectaid.uml.model.definition.ConnectionDefinition connectEnd: Cannot find ConnectedElement for refId=2 in /Todolite/src/com/york/cs/swe/authentication/Authentication.ucls
2014-09-05 19:56:25.835 [pool-2-thread-2] WARNING com.objectaid.uml.model.definition.ConnectionDefinition connectEnd: Cannot find ConnectedElement for refId=3 in /Todolite/src/com/york/cs/swe/authentication/Authentication.ucls
2014-09-05 19:56:25.836 [pool-2-thread-2] WARNING com.objectaid.uml.model.definition.ConnectionDefinition connectEnd: Cannot find ConnectedElement for refId=8 in /Todolite/src/com/york/cs/swe/authentication/Authentication.ucls
2014-09-05 19:56:25.837 [pool-2-thread-2] WARNING com.objectaid.uml.model.definition.ConnectionDefinition connectEnd: Cannot find ConnectedElement for refId=10 in /Todolite/src/com/york/cs/swe/authentication/Authentication.ucls
2014-09-05 19:56:25.839 [pool-2-thread-2] WARNING com.objectaid.uml.model.definition.ConnectionDefinition connectEnd: Cannot find ConnectedElement for refId=3 in /Todolite/src/com/york/cs/swe/authentication/Authentication.ucls
2014-09-05 19:56:25.840 [pool-2-thread-2] WARNING com.objectaid.uml.model.definition.ConnectionDefinition connectEnd: Cannot find ConnectedElement for refId=8 in /Todolite/src/com/york/cs/swe/authentication/Authentication.ucls
2014-09-05 19:56:25.841 [pool-2-thread-2] WARNING com.objectaid.uml.model.definition.ConnectionDefinition connectEnd: Cannot find ConnectedElement for refId=5 in /Todolite/src/com/york/cs/swe/authentication/Authentication.ucls
2014-09-05 19:56:25.842 [pool-2-thread-2] WARNING com.objectaid.uml.model.definition.ConnectionDefinition connectEnd: Cannot find ConnectedElement for refId=10 in /Todolite/src/com/york/cs/swe/authentication/Authentication.ucls
2014-09-05 19:56:25.843 [pool-2-thread-2] WARNING com.objectaid.uml.model.definition.ConnectionDefinition connectEnd: Cannot find ConnectedElement for refId=7 in /Todolite/src/com/york/cs/swe/authentication/Authentication.ucls
